E:\third year\Emerging technology\Assignmentone\WebApplication4\WebApplication4\form2.js
E:\third year\Emerging technology\Assignmentone\WebApplication4\WebApplication4\form2.js.map
E:\third year\Emerging technology\Assignmentone\WebApplication4\WebApplication4\Service.js
E:\third year\Emerging technology\Assignmentone\WebApplication4\WebApplication4\Service.js.map
E:\third year\Emerging technology\Assignmentone\WebApplication4\WebApplication4\views.js
E:\third year\Emerging technology\Assignmentone\WebApplication4\WebApplication4\views.js.map
E:\third year\Emerging technology\Assignmentone\WebApplication4\WebApplication4\form2.js
E:\third year\Emerging technology\Assignmentone\WebApplication4\WebApplication4\form2.js.map
E:\third year\Emerging technology\Assignmentone\WebApplication4\WebApplication4\Service.js
E:\third year\Emerging technology\Assignmentone\WebApplication4\WebApplication4\Service.js.map
E:\third year\Emerging technology\Assignmentone\WebApplication4\WebApplication4\views.js
E:\third year\Emerging technology\Assignmentone\WebApplication4\WebApplication4\views.js.map
E:\third year\Emerging technology\Assignmentone\WebApplication4\WebApplication4\form2.js
E:\third year\Emerging technology\Assignmentone\WebApplication4\WebApplication4\form2.js.map
E:\third year\Emerging technology\Assignmentone\WebApplication4\WebApplication4\myService.js
E:\third year\Emerging technology\Assignmentone\WebApplication4\WebApplication4\myService.js.map
E:\third year\Emerging technology\Assignmentone\WebApplication4\WebApplication4\Service.js
E:\third year\Emerging technology\Assignmentone\WebApplication4\WebApplication4\Service.js.map
E:\third year\Emerging technology\Assignmentone\WebApplication4\WebApplication4\views.js
E:\third year\Emerging technology\Assignmentone\WebApplication4\WebApplication4\views.js.map
E:\third year\Emerging technology\Assignmentone\WebApplication4\WebApplication4\form2.js
E:\third year\Emerging technology\Assignmentone\WebApplication4\WebApplication4\form2.js.map
E:\third year\Emerging technology\Assignmentone\WebApplication4\WebApplication4\myService.js
E:\third year\Emerging technology\Assignmentone\WebApplication4\WebApplication4\myService.js.map
E:\third year\Emerging technology\Assignmentone\WebApplication4\WebApplication4\views.js
E:\third year\Emerging technology\Assignmentone\WebApplication4\WebApplication4\views.js.map
E:\third year\Emerging technology\Assignmentone\WebApplication4\WebApplication4\form2.js
E:\third year\Emerging technology\Assignmentone\WebApplication4\WebApplication4\form2.js.map
E:\third year\Emerging technology\Assignmentone\WebApplication4\WebApplication4\myService.js
E:\third year\Emerging technology\Assignmentone\WebApplication4\WebApplication4\myService.js.map
E:\third year\Emerging technology\Assignmentone\WebApplication4\WebApplication4\views.js
E:\third year\Emerging technology\Assignmentone\WebApplication4\WebApplication4\views.js.map
E:\third year\Emerging technology\Assignmentone\WebApplication4\WebApplication4\form2.js
E:\third year\Emerging technology\Assignmentone\WebApplication4\WebApplication4\form2.js.map
E:\third year\Emerging technology\Assignmentone\WebApplication4\WebApplication4\myService.js
E:\third year\Emerging technology\Assignmentone\WebApplication4\WebApplication4\myService.js.map
E:\third year\Emerging technology\Assignmentone\WebApplication4\WebApplication4\views.js
E:\third year\Emerging technology\Assignmentone\WebApplication4\WebApplication4\views.js.map
E:\third year\Emerging technology\Assignmentone\WebApplication4\WebApplication4\form2.js
E:\third year\Emerging technology\Assignmentone\WebApplication4\WebApplication4\form2.js.map
E:\third year\Emerging technology\Assignmentone\WebApplication4\WebApplication4\myService.js
E:\third year\Emerging technology\Assignmentone\WebApplication4\WebApplication4\myService.js.map
E:\third year\Emerging technology\Assignmentone\WebApplication4\WebApplication4\views.js
E:\third year\Emerging technology\Assignmentone\WebApplication4\WebApplication4\views.js.map
E:\third year\Emerging technology\Assignmentone\WebApplication4\WebApplication4\form2.js
E:\third year\Emerging technology\Assignmentone\WebApplication4\WebApplication4\form2.js.map
E:\third year\Emerging technology\Assignmentone\WebApplication4\WebApplication4\myService.js
E:\third year\Emerging technology\Assignmentone\WebApplication4\WebApplication4\myService.js.map
E:\third year\Emerging technology\Assignmentone\WebApplication4\WebApplication4\views.js
E:\third year\Emerging technology\Assignmentone\WebApplication4\WebApplication4\views.js.map
E:\third year\Emerging technology\Assignmentone\WebApplication4\WebApplication4\form2.js
E:\third year\Emerging technology\Assignmentone\WebApplication4\WebApplication4\form2.js.map
E:\third year\Emerging technology\Assignmentone\WebApplication4\WebApplication4\myService.js
E:\third year\Emerging technology\Assignmentone\WebApplication4\WebApplication4\myService.js.map
E:\third year\Emerging technology\Assignmentone\WebApplication4\WebApplication4\views.js
E:\third year\Emerging technology\Assignmentone\WebApplication4\WebApplication4\views.js.map
E:\third year\Emerging technology\Assignmentone\WebApplication4\WebApplication4\form2.js
E:\third year\Emerging technology\Assignmentone\WebApplication4\WebApplication4\form2.js.map
E:\third year\Emerging technology\Assignmentone\WebApplication4\WebApplication4\myService.js
E:\third year\Emerging technology\Assignmentone\WebApplication4\WebApplication4\myService.js.map
E:\third year\Emerging technology\Assignmentone\WebApplication4\WebApplication4\views.js
E:\third year\Emerging technology\Assignmentone\WebApplication4\WebApplication4\views.js.map
E:\third year\Emerging technology\Assignmentone\WebApplication4\WebApplication4\form2.js
E:\third year\Emerging technology\Assignmentone\WebApplication4\WebApplication4\form2.js.map
E:\third year\Emerging technology\Assignmentone\WebApplication4\WebApplication4\myService.js
E:\third year\Emerging technology\Assignmentone\WebApplication4\WebApplication4\myService.js.map
E:\third year\Emerging technology\Assignmentone\WebApplication4\WebApplication4\views.js
E:\third year\Emerging technology\Assignmentone\WebApplication4\WebApplication4\views.js.map
E:\third year\Emerging technology\Assignmentone\WebApplication4\WebApplication4\form2.js
E:\third year\Emerging technology\Assignmentone\WebApplication4\WebApplication4\form2.js.map
E:\third year\Emerging technology\Assignmentone\WebApplication4\WebApplication4\myService.js
E:\third year\Emerging technology\Assignmentone\WebApplication4\WebApplication4\myService.js.map
E:\third year\Emerging technology\Assignmentone\WebApplication4\WebApplication4\views.js
E:\third year\Emerging technology\Assignmentone\WebApplication4\WebApplication4\views.js.map
E:\third year\Emerging technology\Assignmentone\WebApplication4\WebApplication4\form2.js
E:\third year\Emerging technology\Assignmentone\WebApplication4\WebApplication4\form2.js.map
E:\third year\Emerging technology\Assignmentone\WebApplication4\WebApplication4\myService.js
E:\third year\Emerging technology\Assignmentone\WebApplication4\WebApplication4\myService.js.map
E:\third year\Emerging technology\Assignmentone\WebApplication4\WebApplication4\views.js
E:\third year\Emerging technology\Assignmentone\WebApplication4\WebApplication4\views.js.map
E:\third year\Emerging technology\Assignmentone\WebApplication4\WebApplication4\form2.js
E:\third year\Emerging technology\Assignmentone\WebApplication4\WebApplication4\form2.js.map
E:\third year\Emerging technology\Assignmentone\WebApplication4\WebApplication4\myService.js
E:\third year\Emerging technology\Assignmentone\WebApplication4\WebApplication4\myService.js.map
E:\third year\Emerging technology\Assignmentone\WebApplication4\WebApplication4\views.js
E:\third year\Emerging technology\Assignmentone\WebApplication4\WebApplication4\views.js.map
E:\third year\Emerging technology\Assignmentone\WebApplication4\WebApplication4\form2.js
E:\third year\Emerging technology\Assignmentone\WebApplication4\WebApplication4\form2.js.map
E:\third year\Emerging technology\Assignmentone\WebApplication4\WebApplication4\myService.js
E:\third year\Emerging technology\Assignmentone\WebApplication4\WebApplication4\myService.js.map
E:\third year\Emerging technology\Assignmentone\WebApplication4\WebApplication4\views.js
E:\third year\Emerging technology\Assignmentone\WebApplication4\WebApplication4\views.js.map
E:\third year\Emerging technology\Assignmentone\WebApplication4\WebApplication4\form2.js
E:\third year\Emerging technology\Assignmentone\WebApplication4\WebApplication4\form2.js.map
E:\third year\Emerging technology\Assignmentone\WebApplication4\WebApplication4\myService.js
E:\third year\Emerging technology\Assignmentone\WebApplication4\WebApplication4\myService.js.map
E:\third year\Emerging technology\Assignmentone\WebApplication4\WebApplication4\views.js
E:\third year\Emerging technology\Assignmentone\WebApplication4\WebApplication4\views.js.map
E:\third year\Emerging technology\Assignmentone\WebApplication4\WebApplication4\form2.js
E:\third year\Emerging technology\Assignmentone\WebApplication4\WebApplication4\form2.js.map
E:\third year\Emerging technology\Assignmentone\WebApplication4\WebApplication4\myService.js
E:\third year\Emerging technology\Assignmentone\WebApplication4\WebApplication4\myService.js.map
E:\third year\Emerging technology\Assignmentone\WebApplication4\WebApplication4\views.js
E:\third year\Emerging technology\Assignmentone\WebApplication4\WebApplication4\views.js.map
E:\third year\Emerging technology\Assignmentone\WebApplication4\WebApplication4\form2.js
E:\third year\Emerging technology\Assignmentone\WebApplication4\WebApplication4\form2.js.map
E:\third year\Emerging technology\Assignmentone\WebApplication4\WebApplication4\myService.js
E:\third year\Emerging technology\Assignmentone\WebApplication4\WebApplication4\myService.js.map
E:\third year\Emerging technology\Assignmentone\WebApplication4\WebApplication4\views.js
E:\third year\Emerging technology\Assignmentone\WebApplication4\WebApplication4\views.js.map
E:\third year\Emerging technology\Assignmentone\WebApplication4\WebApplication4\form2.js
E:\third year\Emerging technology\Assignmentone\WebApplication4\WebApplication4\form2.js.map
E:\third year\Emerging technology\Assignmentone\WebApplication4\WebApplication4\myService.js
E:\third year\Emerging technology\Assignmentone\WebApplication4\WebApplication4\myService.js.map
E:\third year\Emerging technology\Assignmentone\WebApplication4\WebApplication4\views.js
E:\third year\Emerging technology\Assignmentone\WebApplication4\WebApplication4\views.js.map
E:\third year\Emerging technology\Assignmentone\WebApplication4\WebApplication4\form2.js
E:\third year\Emerging technology\Assignmentone\WebApplication4\WebApplication4\form2.js.map
E:\third year\Emerging technology\Assignmentone\WebApplication4\WebApplication4\myService.js
E:\third year\Emerging technology\Assignmentone\WebApplication4\WebApplication4\myService.js.map
E:\third year\Emerging technology\Assignmentone\WebApplication4\WebApplication4\myService2.js
E:\third year\Emerging technology\Assignmentone\WebApplication4\WebApplication4\myService2.js.map
E:\third year\Emerging technology\Assignmentone\WebApplication4\WebApplication4\views.js
E:\third year\Emerging technology\Assignmentone\WebApplication4\WebApplication4\views.js.map
E:\third year\Emerging technology\Assignmentone\WebApplication4\WebApplication4\form2.js
E:\third year\Emerging technology\Assignmentone\WebApplication4\WebApplication4\form2.js.map
E:\third year\Emerging technology\Assignmentone\WebApplication4\WebApplication4\myService.js
E:\third year\Emerging technology\Assignmentone\WebApplication4\WebApplication4\myService.js.map
E:\third year\Emerging technology\Assignmentone\WebApplication4\WebApplication4\views.js
E:\third year\Emerging technology\Assignmentone\WebApplication4\WebApplication4\views.js.map
E:\third year\Emerging technology\Assignmentone\WebApplication4\WebApplication4\form2.js
E:\third year\Emerging technology\Assignmentone\WebApplication4\WebApplication4\form2.js.map
E:\third year\Emerging technology\Assignmentone\WebApplication4\WebApplication4\myService.js
E:\third year\Emerging technology\Assignmentone\WebApplication4\WebApplication4\myService.js.map
E:\third year\Emerging technology\Assignmentone\WebApplication4\WebApplication4\views.js
E:\third year\Emerging technology\Assignmentone\WebApplication4\WebApplication4\views.js.map
E:\third year\Emerging technology\Assignmentone\WebApplication4\WebApplication4\form2.js
E:\third year\Emerging technology\Assignmentone\WebApplication4\WebApplication4\form2.js.map
E:\third year\Emerging technology\Assignmentone\WebApplication4\WebApplication4\myService.js
E:\third year\Emerging technology\Assignmentone\WebApplication4\WebApplication4\myService.js.map
E:\third year\Emerging technology\Assignmentone\WebApplication4\WebApplication4\views.js
E:\third year\Emerging technology\Assignmentone\WebApplication4\WebApplication4\views.js.map
E:\third year\Emerging technology\Assignmentone\WebApplication4\WebApplication4\form2.js
E:\third year\Emerging technology\Assignmentone\WebApplication4\WebApplication4\form2.js.map
E:\third year\Emerging technology\Assignmentone\WebApplication4\WebApplication4\myService.js
E:\third year\Emerging technology\Assignmentone\WebApplication4\WebApplication4\myService.js.map
E:\third year\Emerging technology\Assignmentone\WebApplication4\WebApplication4\views.js
E:\third year\Emerging technology\Assignmentone\WebApplication4\WebApplication4\views.js.map
E:\third year\Emerging technology\Assignmentone\WebApplication4\WebApplication4\form2.js
E:\third year\Emerging technology\Assignmentone\WebApplication4\WebApplication4\form2.js.map
E:\third year\Emerging technology\Assignmentone\WebApplication4\WebApplication4\myService.js
E:\third year\Emerging technology\Assignmentone\WebApplication4\WebApplication4\myService.js.map
E:\third year\Emerging technology\Assignmentone\WebApplication4\WebApplication4\myService22.js
E:\third year\Emerging technology\Assignmentone\WebApplication4\WebApplication4\myService22.js.map
E:\third year\Emerging technology\Assignmentone\WebApplication4\WebApplication4\views.js
E:\third year\Emerging technology\Assignmentone\WebApplication4\WebApplication4\views.js.map
E:\third year\Emerging technology\Assignmentone\WebApplication4\WebApplication4\form2.js
E:\third year\Emerging technology\Assignmentone\WebApplication4\WebApplication4\form2.js.map
E:\third year\Emerging technology\Assignmentone\WebApplication4\WebApplication4\myService.js
E:\third year\Emerging technology\Assignmentone\WebApplication4\WebApplication4\myService.js.map
E:\third year\Emerging technology\Assignmentone\WebApplication4\WebApplication4\myService22.js
E:\third year\Emerging technology\Assignmentone\WebApplication4\WebApplication4\myService22.js.map
E:\third year\Emerging technology\Assignmentone\WebApplication4\WebApplication4\views.js
E:\third year\Emerging technology\Assignmentone\WebApplication4\WebApplication4\views.js.map
E:\third year\Emerging technology\Assignmentone\WebApplication4\WebApplication4\form2.js
E:\third year\Emerging technology\Assignmentone\WebApplication4\WebApplication4\form2.js.map
E:\third year\Emerging technology\Assignmentone\WebApplication4\WebApplication4\myService.js
E:\third year\Emerging technology\Assignmentone\WebApplication4\WebApplication4\myService.js.map
E:\third year\Emerging technology\Assignmentone\WebApplication4\WebApplication4\myService22.js
E:\third year\Emerging technology\Assignmentone\WebApplication4\WebApplication4\myService22.js.map
E:\third year\Emerging technology\Assignmentone\WebApplication4\WebApplication4\views.js
E:\third year\Emerging technology\Assignmentone\WebApplication4\WebApplication4\views.js.map
E:\third year\Emerging technology\Assignmentone\WebApplication4\WebApplication4\form2.js
E:\third year\Emerging technology\Assignmentone\WebApplication4\WebApplication4\form2.js.map
E:\third year\Emerging technology\Assignmentone\WebApplication4\WebApplication4\myService.js
E:\third year\Emerging technology\Assignmentone\WebApplication4\WebApplication4\myService.js.map
E:\third year\Emerging technology\Assignmentone\WebApplication4\WebApplication4\myService22.js
E:\third year\Emerging technology\Assignmentone\WebApplication4\WebApplication4\myService22.js.map
E:\third year\Emerging technology\Assignmentone\WebApplication4\WebApplication4\views.js
E:\third year\Emerging technology\Assignmentone\WebApplication4\WebApplication4\views.js.map
E:\third year\Emerging technology\Assignmentone\WebApplication4\WebApplication4\form2.js
E:\third year\Emerging technology\Assignmentone\WebApplication4\WebApplication4\form2.js.map
E:\third year\Emerging technology\Assignmentone\WebApplication4\WebApplication4\myService.js
E:\third year\Emerging technology\Assignmentone\WebApplication4\WebApplication4\myService.js.map
E:\third year\Emerging technology\Assignmentone\WebApplication4\WebApplication4\myService22.js
E:\third year\Emerging technology\Assignmentone\WebApplication4\WebApplication4\myService22.js.map
E:\third year\Emerging technology\Assignmentone\WebApplication4\WebApplication4\views.js
E:\third year\Emerging technology\Assignmentone\WebApplication4\WebApplication4\views.js.map
D:\third year\Emerging technology\Assignmentone\WebApplication4\WebApplication4\form2.js
D:\third year\Emerging technology\Assignmentone\WebApplication4\WebApplication4\form2.js.map
D:\third year\Emerging technology\Assignmentone\WebApplication4\WebApplication4\myService.js
D:\third year\Emerging technology\Assignmentone\WebApplication4\WebApplication4\myService.js.map
D:\third year\Emerging technology\Assignmentone\WebApplication4\WebApplication4\myService22.js
D:\third year\Emerging technology\Assignmentone\WebApplication4\WebApplication4\myService22.js.map
D:\third year\Emerging technology\Assignmentone\WebApplication4\WebApplication4\views.js
D:\third year\Emerging technology\Assignmentone\WebApplication4\WebApplication4\views.js.map
D:\third year\Emerging technology\Assignmentone\WebApplication4\WebApplication4\form2.js
D:\third year\Emerging technology\Assignmentone\WebApplication4\WebApplication4\form2.js.map
D:\third year\Emerging technology\Assignmentone\WebApplication4\WebApplication4\myService.js
D:\third year\Emerging technology\Assignmentone\WebApplication4\WebApplication4\myService.js.map
D:\third year\Emerging technology\Assignmentone\WebApplication4\WebApplication4\myService22.js
D:\third year\Emerging technology\Assignmentone\WebApplication4\WebApplication4\myService22.js.map
D:\third year\Emerging technology\Assignmentone\WebApplication4\WebApplication4\views.js
D:\third year\Emerging technology\Assignmentone\WebApplication4\WebApplication4\views.js.map
E:\third year\Emerging technology\Assignmentone\WebApplication4\WebApplication4\form2.js
E:\third year\Emerging technology\Assignmentone\WebApplication4\WebApplication4\form2.js.map
E:\third year\Emerging technology\Assignmentone\WebApplication4\WebApplication4\myService.js
E:\third year\Emerging technology\Assignmentone\WebApplication4\WebApplication4\myService.js.map
E:\third year\Emerging technology\Assignmentone\WebApplication4\WebApplication4\myService22.js
E:\third year\Emerging technology\Assignmentone\WebApplication4\WebApplication4\myService22.js.map
E:\third year\Emerging technology\Assignmentone\WebApplication4\WebApplication4\views.js
E:\third year\Emerging technology\Assignmentone\WebApplication4\WebApplication4\views.js.map
E:\third year\Emerging technology\Assignmentone\WebApplication4\WebApplication4\form2.js
E:\third year\Emerging technology\Assignmentone\WebApplication4\WebApplication4\form2.js.map
E:\third year\Emerging technology\Assignmentone\WebApplication4\WebApplication4\myService.js
E:\third year\Emerging technology\Assignmentone\WebApplication4\WebApplication4\myService.js.map
E:\third year\Emerging technology\Assignmentone\WebApplication4\WebApplication4\myService22.js
E:\third year\Emerging technology\Assignmentone\WebApplication4\WebApplication4\myService22.js.map
E:\third year\Emerging technology\Assignmentone\WebApplication4\WebApplication4\views.js
E:\third year\Emerging technology\Assignmentone\WebApplication4\WebApplication4\views.js.map
E:\third year\Emerging technology\Assignmentone\WebApplication4\WebApplication4\form2.js
E:\third year\Emerging technology\Assignmentone\WebApplication4\WebApplication4\form2.js.map
E:\third year\Emerging technology\Assignmentone\WebApplication4\WebApplication4\myService.js
E:\third year\Emerging technology\Assignmentone\WebApplication4\WebApplication4\myService.js.map
E:\third year\Emerging technology\Assignmentone\WebApplication4\WebApplication4\myService22.js
E:\third year\Emerging technology\Assignmentone\WebApplication4\WebApplication4\myService22.js.map
E:\third year\Emerging technology\Assignmentone\WebApplication4\WebApplication4\views.js
E:\third year\Emerging technology\Assignmentone\WebApplication4\WebApplication4\views.js.map
E:\third year\Emerging technology\Assignmentone\WebApplication4\WebApplication4\form2.js
E:\third year\Emerging technology\Assignmentone\WebApplication4\WebApplication4\form2.js.map
E:\third year\Emerging technology\Assignmentone\WebApplication4\WebApplication4\myService.js
E:\third year\Emerging technology\Assignmentone\WebApplication4\WebApplication4\myService.js.map
E:\third year\Emerging technology\Assignmentone\WebApplication4\WebApplication4\myService22.js
E:\third year\Emerging technology\Assignmentone\WebApplication4\WebApplication4\myService22.js.map
E:\third year\Emerging technology\Assignmentone\WebApplication4\WebApplication4\views.js
E:\third year\Emerging technology\Assignmentone\WebApplication4\WebApplication4\views.js.map
E:\third year\Emerging technology\Assignmentone\WebApplication4\WebApplication4\form2.js
E:\third year\Emerging technology\Assignmentone\WebApplication4\WebApplication4\form2.js.map
E:\third year\Emerging technology\Assignmentone\WebApplication4\WebApplication4\myService.js
E:\third year\Emerging technology\Assignmentone\WebApplication4\WebApplication4\myService.js.map
E:\third year\Emerging technology\Assignmentone\WebApplication4\WebApplication4\myService22.js
E:\third year\Emerging technology\Assignmentone\WebApplication4\WebApplication4\myService22.js.map
E:\third year\Emerging technology\Assignmentone\WebApplication4\WebApplication4\views.js
E:\third year\Emerging technology\Assignmentone\WebApplication4\WebApplication4\views.js.map
E:\third year\Emerging technology\Assignmentone\WebApplication4\WebApplication4\form2.js
E:\third year\Emerging technology\Assignmentone\WebApplication4\WebApplication4\form2.js.map
E:\third year\Emerging technology\Assignmentone\WebApplication4\WebApplication4\myService.js
E:\third year\Emerging technology\Assignmentone\WebApplication4\WebApplication4\myService.js.map
E:\third year\Emerging technology\Assignmentone\WebApplication4\WebApplication4\myService22.js
E:\third year\Emerging technology\Assignmentone\WebApplication4\WebApplication4\myService22.js.map
E:\third year\Emerging technology\Assignmentone\WebApplication4\WebApplication4\views.js
E:\third year\Emerging technology\Assignmentone\WebApplication4\WebApplication4\views.js.map
E:\third year\Emerging technology\Assignmentone\WebApplication4\WebApplication4\form2.js
E:\third year\Emerging technology\Assignmentone\WebApplication4\WebApplication4\form2.js.map
E:\third year\Emerging technology\Assignmentone\WebApplication4\WebApplication4\myService.js
E:\third year\Emerging technology\Assignmentone\WebApplication4\WebApplication4\myService.js.map
E:\third year\Emerging technology\Assignmentone\WebApplication4\WebApplication4\myService22.js
E:\third year\Emerging technology\Assignmentone\WebApplication4\WebApplication4\myService22.js.map
E:\third year\Emerging technology\Assignmentone\WebApplication4\WebApplication4\views.js
E:\third year\Emerging technology\Assignmentone\WebApplication4\WebApplication4\views.js.map
E:\third year\Emerging technology\Assignmentone\WebApplication4\WebApplication4\form2.js
E:\third year\Emerging technology\Assignmentone\WebApplication4\WebApplication4\form2.js.map
E:\third year\Emerging technology\Assignmentone\WebApplication4\WebApplication4\myService.js
E:\third year\Emerging technology\Assignmentone\WebApplication4\WebApplication4\myService.js.map
E:\third year\Emerging technology\Assignmentone\WebApplication4\WebApplication4\myService22.js
E:\third year\Emerging technology\Assignmentone\WebApplication4\WebApplication4\myService22.js.map
E:\third year\Emerging technology\Assignmentone\WebApplication4\WebApplication4\views.js
E:\third year\Emerging technology\Assignmentone\WebApplication4\WebApplication4\views.js.map
E:\third year\Emerging technology\Assignmentone\WebApplication4\WebApplication4\form2.js
E:\third year\Emerging technology\Assignmentone\WebApplication4\WebApplication4\form2.js.map
E:\third year\Emerging technology\Assignmentone\WebApplication4\WebApplication4\myService.js
E:\third year\Emerging technology\Assignmentone\WebApplication4\WebApplication4\myService.js.map
E:\third year\Emerging technology\Assignmentone\WebApplication4\WebApplication4\myService22.js
E:\third year\Emerging technology\Assignmentone\WebApplication4\WebApplication4\myService22.js.map
E:\third year\Emerging technology\Assignmentone\WebApplication4\WebApplication4\views.js
E:\third year\Emerging technology\Assignmentone\WebApplication4\WebApplication4\views.js.map
E:\third year\Emerging technology\Assignmentone\WebApplication4\WebApplication4\form2.js
E:\third year\Emerging technology\Assignmentone\WebApplication4\WebApplication4\form2.js.map
E:\third year\Emerging technology\Assignmentone\WebApplication4\WebApplication4\myService.js
E:\third year\Emerging technology\Assignmentone\WebApplication4\WebApplication4\myService.js.map
E:\third year\Emerging technology\Assignmentone\WebApplication4\WebApplication4\myService22.js
E:\third year\Emerging technology\Assignmentone\WebApplication4\WebApplication4\myService22.js.map
E:\third year\Emerging technology\Assignmentone\WebApplication4\WebApplication4\views.js
E:\third year\Emerging technology\Assignmentone\WebApplication4\WebApplication4\views.js.map
E:\third year\Emerging technology\Assignmentone\WebApplication4\WebApplication4\form2.js
E:\third year\Emerging technology\Assignmentone\WebApplication4\WebApplication4\form2.js.map
E:\third year\Emerging technology\Assignmentone\WebApplication4\WebApplication4\myService.js
E:\third year\Emerging technology\Assignmentone\WebApplication4\WebApplication4\myService.js.map
E:\third year\Emerging technology\Assignmentone\WebApplication4\WebApplication4\myService22.js
E:\third year\Emerging technology\Assignmentone\WebApplication4\WebApplication4\myService22.js.map
E:\third year\Emerging technology\Assignmentone\WebApplication4\WebApplication4\views.js
E:\third year\Emerging technology\Assignmentone\WebApplication4\WebApplication4\views.js.map
D:\third year\Emerging technology\Assignmentone\WebApplication4\WebApplication4\form2.js
D:\third year\Emerging technology\Assignmentone\WebApplication4\WebApplication4\form2.js.map
D:\third year\Emerging technology\Assignmentone\WebApplication4\WebApplication4\myService.js
D:\third year\Emerging technology\Assignmentone\WebApplication4\WebApplication4\myService.js.map
D:\third year\Emerging technology\Assignmentone\WebApplication4\WebApplication4\myService22.js
D:\third year\Emerging technology\Assignmentone\WebApplication4\WebApplication4\myService22.js.map
D:\third year\Emerging technology\Assignmentone\WebApplication4\WebApplication4\views.js
D:\third year\Emerging technology\Assignmentone\WebApplication4\WebApplication4\views.js.map
F:\third year\Emerging technology\Assignmentone\WebApplication4\WebApplication4\form2.js
F:\third year\Emerging technology\Assignmentone\WebApplication4\WebApplication4\form2.js.map
F:\third year\Emerging technology\Assignmentone\WebApplication4\WebApplication4\myService.js
F:\third year\Emerging technology\Assignmentone\WebApplication4\WebApplication4\myService.js.map
F:\third year\Emerging technology\Assignmentone\WebApplication4\WebApplication4\myService22.js
F:\third year\Emerging technology\Assignmentone\WebApplication4\WebApplication4\myService22.js.map
F:\third year\Emerging technology\Assignmentone\WebApplication4\WebApplication4\views.js
F:\third year\Emerging technology\Assignmentone\WebApplication4\WebApplication4\views.js.map
F:\third year\Emerging technology\Assignmentone\WebApplication4\WebApplication4\form2.js
F:\third year\Emerging technology\Assignmentone\WebApplication4\WebApplication4\form2.js.map
F:\third year\Emerging technology\Assignmentone\WebApplication4\WebApplication4\myService.js
F:\third year\Emerging technology\Assignmentone\WebApplication4\WebApplication4\myService.js.map
F:\third year\Emerging technology\Assignmentone\WebApplication4\WebApplication4\myService22.js
F:\third year\Emerging technology\Assignmentone\WebApplication4\WebApplication4\myService22.js.map
F:\third year\Emerging technology\Assignmentone\WebApplication4\WebApplication4\views.js
F:\third year\Emerging technology\Assignmentone\WebApplication4\WebApplication4\views.js.map
F:\third year\Emerging technology\Assignmentone\WebApplication4\WebApplication4\form2.js
F:\third year\Emerging technology\Assignmentone\WebApplication4\WebApplication4\form2.js.map
F:\third year\Emerging technology\Assignmentone\WebApplication4\WebApplication4\myService.js
F:\third year\Emerging technology\Assignmentone\WebApplication4\WebApplication4\myService.js.map
F:\third year\Emerging technology\Assignmentone\WebApplication4\WebApplication4\myService22.js
F:\third year\Emerging technology\Assignmentone\WebApplication4\WebApplication4\myService22.js.map
F:\third year\Emerging technology\Assignmentone\WebApplication4\WebApplication4\views.js
F:\third year\Emerging technology\Assignmentone\WebApplication4\WebApplication4\views.js.map
F:\third year\Emerging technology\Assignmentone\WebApplication4\WebApplication4\form2.js
F:\third year\Emerging technology\Assignmentone\WebApplication4\WebApplication4\form2.js.map
F:\third year\Emerging technology\Assignmentone\WebApplication4\WebApplication4\myService.js
F:\third year\Emerging technology\Assignmentone\WebApplication4\WebApplication4\myService.js.map
F:\third year\Emerging technology\Assignmentone\WebApplication4\WebApplication4\myService22.js
F:\third year\Emerging technology\Assignmentone\WebApplication4\WebApplication4\myService22.js.map
F:\third year\Emerging technology\Assignmentone\WebApplication4\WebApplication4\views.js
F:\third year\Emerging technology\Assignmentone\WebApplication4\WebApplication4\views.js.map
